<?xml version="1.0" encoding="UTF-8"?>
<testng-results ignored="0" total="1" passed="1" failed="0" skipped="0">
  <reporter-output>
  </reporter-output>
  <suite started-at="2021-11-01T10:14:18Z" name="Default suite" finished-at="2021-11-01T10:14:50Z" duration-ms="32230">
    <groups>
    </groups>
    <test started-at="2021-11-01T10:14:18Z" name="Default test" finished-at="2021-11-01T10:14:50Z" duration-ms="32230">
      <class name="xpathPractice.xpath">
        <test-method signature="xpathprec()[pri:0, instance:xpathPractice.xpath@1ae8bcbc]" started-at="2021-11-01T10:14:18Z" name="xpathprec" finished-at="2021-11-01T10:14:50Z" duration-ms="32197" status="PASS">
          <reporter-output>
          </reporter-output>
        </test-method> <!-- xpathprec -->
      </class> <!-- xpathPractice.xpath -->
    </test> <!-- Default test -->
  </suite> <!-- Default suite -->
</testng-results>
